2020-12-30 09:06:29.978  INFO 12356 --- [main] c.employee.employee.EmployeeApplication  : Starting EmployeeApplication using Java 14.0.2 on LAPTOP-DPT4DKC2 with PID 12356 (C:\Users\vasuvaddi123\eclipse-workspace\employee\target\classes started by vasuvaddi123 in C:\Users\vasuvaddi123\eclipse-workspace\employee)
2020-12-30 09:06:29.991  INFO 12356 --- [main] c.employee.employee.EmployeeApplication  : No active profile set, falling back to default profiles: default
2020-12-30 09:06:33.071  INFO 12356 --- [main] .s.d.r.c.RepositoryConfigurationDelegate : Bootstrapping Spring Data JPA repositories in DEFAULT mode.
2020-12-30 09:06:33.542  INFO 12356 --- [main] .s.d.r.c.RepositoryConfigurationDelegate : Finished Spring Data repository scanning in 440 ms. Found 1 JPA repository interfaces.
2020-12-30 09:06:35.258  INFO 12356 --- [main] o.s.b.w.embedded.tomcat.TomcatWebServer  : Tomcat initialized with port(s): 9090 (http)
2020-12-30 09:06:35.285  INFO 12356 --- [main] o.apache.catalina.core.StandardService   : Starting service [Tomcat]
2020-12-30 09:06:35.286  INFO 12356 --- [main] org.apache.catalina.core.StandardEngine  : Starting Servlet engine: [Apache Tomcat/9.0.41]
2020-12-30 09:06:35.290  INFO 12356 --- [main] o.a.catalina.core.AprLifecycleListener   : Loaded Apache Tomcat Native library [1.2.25] using APR version [1.7.0].
2020-12-30 09:06:35.291  INFO 12356 --- [main] o.a.catalina.core.AprLifecycleListener   : APR capabilities: IPv6 [true], sendfile [true], accept filters [false], random [true].
2020-12-30 09:06:35.291  INFO 12356 --- [main] o.a.catalina.core.AprLifecycleListener   : APR/OpenSSL configuration: useAprConnector [false], useOpenSSL [true]
2020-12-30 09:06:35.300  INFO 12356 --- [main] o.a.catalina.core.AprLifecycleListener   : OpenSSL successfully initialized [OpenSSL 1.1.1g  21 Apr 2020]
2020-12-30 09:06:35.596  INFO 12356 --- [main] o.a.c.c.C.[Tomcat].[localhost].[/]       : Initializing Spring embedded WebApplicationContext
2020-12-30 09:06:35.598  INFO 12356 --- [main] w.s.c.ServletWebServerApplicationContext : Root WebApplicationContext: initialization completed in 5319 ms
2020-12-30 09:06:36.107  INFO 12356 --- [main] o.hibernate.jpa.internal.util.LogHelper  : HHH000204: Processing PersistenceUnitInfo [name: default]
2020-12-30 09:06:36.238  INFO 12356 --- [main] org.hibernate.Version                    : HHH000412: Hibernate ORM core version 5.4.25.Final
2020-12-30 09:06:36.745  INFO 12356 --- [main] o.hibernate.annotations.common.Version   : HCANN000001: Hibernate Commons Annotations {5.1.2.Final}
2020-12-30 09:06:37.049  INFO 12356 --- [main] com.zaxxer.hikari.HikariDataSource       : HikariPool-1 - Starting...
2020-12-30 09:06:37.831  INFO 12356 --- [main] com.zaxxer.hikari.HikariDataSource       : HikariPool-1 - Start completed.
2020-12-30 09:06:37.862  INFO 12356 --- [main] org.hibernate.dialect.Dialect            : HHH000400: Using dialect: org.hibernate.dialect.MySQL5InnoDBDialect
2020-12-30 09:06:39.942  INFO 12356 --- [main] o.h.e.t.j.p.i.JtaPlatformInitiator       : HHH000490: Using JtaPlatform implementation: [org.hibernate.engine.transaction.jta.platform.internal.NoJtaPlatform]
2020-12-30 09:06:39.958  INFO 12356 --- [main] j.LocalContainerEntityManagerFactoryBean : Initialized JPA EntityManagerFactory for persistence unit 'default'
2020-12-30 09:06:40.981  WARN 12356 --- [main] JpaBaseConfiguration$JpaWebConfiguration : spring.jpa.open-in-view is enabled by default. Therefore, database queries may be performed during view rendering. Explicitly configure spring.jpa.open-in-view to disable this warning
2020-12-30 09:06:41.264  INFO 12356 --- [main] o.s.s.concurrent.ThreadPoolTaskExecutor  : Initializing ExecutorService 'applicationTaskExecutor'
2020-12-30 09:06:41.856  WARN 12356 --- [main] ion$DefaultTemplateResolverConfiguration : Cannot find template location: classpath:/templates/ (please add some templates or check your Thymeleaf configuration)
2020-12-30 09:06:42.168  INFO 12356 --- [main] o.s.b.w.embedded.tomcat.TomcatWebServer  : Tomcat started on port(s): 9090 (http) with context path ''
2020-12-30 09:06:42.189  INFO 12356 --- [main] c.employee.employee.EmployeeApplication  : Started EmployeeApplication in 13.343 seconds (JVM running for 14.418)
2020-12-30 09:07:28.527  INFO 12356 --- [http-nio-9090-exec-1] o.a.c.c.C.[Tomcat].[localhost].[/]       : Initializing Spring DispatcherServlet 'dispatcherServlet'
2020-12-30 09:07:28.528  INFO 12356 --- [http-nio-9090-exec-1] o.s.web.servlet.DispatcherServlet        : Initializing Servlet 'dispatcherServlet'
2020-12-30 09:07:28.531  INFO 12356 --- [http-nio-9090-exec-1] o.s.web.servlet.DispatcherServlet        : Completed initialization in 2 ms
2020-12-30 09:13:57.662  INFO 12356 --- [http-nio-9090-exec-5] c.e.e.controller.EmployeeController      : Fetching all Employees
2020-12-30 09:17:50.474  INFO 12356 --- [http-nio-9090-exec-2] c.e.e.controller.EmployeeController      : Fetching all Employees
