2020-12-30 09:05:52.695  INFO 1172 --- [main] c.d.department.DepartmentApplication     : Starting DepartmentApplication using Java 14.0.2 on LAPTOP-DPT4DKC2 with PID 1172 (C:\Users\vasuvaddi123\eclipse-workspace\department\target\classes started by vasuvaddi123 in C:\Users\vasuvaddi123\eclipse-workspace\department)
2020-12-30 09:05:52.760  INFO 1172 --- [main] c.d.department.DepartmentApplication     : No active profile set, falling back to default profiles: default
2020-12-30 09:05:55.664  INFO 1172 --- [main] .s.d.r.c.RepositoryConfigurationDelegate : Bootstrapping Spring Data JPA repositories in DEFAULT mode.
2020-12-30 09:05:55.864  INFO 1172 --- [main] .s.d.r.c.RepositoryConfigurationDelegate : Finished Spring Data repository scanning in 173 ms. Found 1 JPA repository interfaces.
2020-12-30 09:05:58.509  INFO 1172 --- [main] o.s.b.w.embedded.tomcat.TomcatWebServer  : Tomcat initialized with port(s): 9095 (http)
2020-12-30 09:05:58.676  INFO 1172 --- [main] o.apache.catalina.core.StandardService   : Starting service [Tomcat]
2020-12-30 09:05:58.677  INFO 1172 --- [main] org.apache.catalina.core.StandardEngine  : Starting Servlet engine: [Apache Tomcat/9.0.41]
2020-12-30 09:05:58.690  INFO 1172 --- [main] o.a.catalina.core.AprLifecycleListener   : Loaded Apache Tomcat Native library [1.2.25] using APR version [1.7.0].
2020-12-30 09:05:58.691  INFO 1172 --- [main] o.a.catalina.core.AprLifecycleListener   : APR capabilities: IPv6 [true], sendfile [true], accept filters [false], random [true].
2020-12-30 09:05:58.692  INFO 1172 --- [main] o.a.catalina.core.AprLifecycleListener   : APR/OpenSSL configuration: useAprConnector [false], useOpenSSL [true]
2020-12-30 09:05:58.774  INFO 1172 --- [main] o.a.catalina.core.AprLifecycleListener   : OpenSSL successfully initialized [OpenSSL 1.1.1g  21 Apr 2020]
2020-12-30 09:05:59.280  INFO 1172 --- [main] o.a.c.c.C.[Tomcat].[localhost].[/]       : Initializing Spring embedded WebApplicationContext
2020-12-30 09:05:59.280  INFO 1172 --- [main] w.s.c.ServletWebServerApplicationContext : Root WebApplicationContext: initialization completed in 6242 ms
2020-12-30 09:06:00.675  INFO 1172 --- [main] o.hibernate.jpa.internal.util.LogHelper  : HHH000204: Processing PersistenceUnitInfo [name: default]
2020-12-30 09:06:00.958  INFO 1172 --- [main] org.hibernate.Version                    : HHH000412: Hibernate ORM core version 5.4.25.Final
2020-12-30 09:06:01.991  INFO 1172 --- [main] o.hibernate.annotations.common.Version   : HCANN000001: Hibernate Commons Annotations {5.1.2.Final}
2020-12-30 09:06:02.520  INFO 1172 --- [main] com.zaxxer.hikari.HikariDataSource       : HikariPool-1 - Starting...
2020-12-30 09:06:04.447  INFO 1172 --- [main] com.zaxxer.hikari.HikariDataSource       : HikariPool-1 - Start completed.
2020-12-30 09:06:04.510  INFO 1172 --- [main] org.hibernate.dialect.Dialect            : HHH000400: Using dialect: org.hibernate.dialect.MySQL5InnoDBDialect
2020-12-30 09:06:07.817  INFO 1172 --- [main] o.h.e.t.j.p.i.JtaPlatformInitiator       : HHH000490: Using JtaPlatform implementation: [org.hibernate.engine.transaction.jta.platform.internal.NoJtaPlatform]
2020-12-30 09:06:07.832  INFO 1172 --- [main] j.LocalContainerEntityManagerFactoryBean : Initialized JPA EntityManagerFactory for persistence unit 'default'
2020-12-30 09:06:09.375  WARN 1172 --- [main] JpaBaseConfiguration$JpaWebConfiguration : spring.jpa.open-in-view is enabled by default. Therefore, database queries may be performed during view rendering. Explicitly configure spring.jpa.open-in-view to disable this warning
2020-12-30 09:06:09.736  INFO 1172 --- [main] o.s.s.concurrent.ThreadPoolTaskExecutor  : Initializing ExecutorService 'applicationTaskExecutor'
2020-12-30 09:06:10.567  WARN 1172 --- [main] ion$DefaultTemplateResolverConfiguration : Cannot find template location: classpath:/templates/ (please add some templates or check your Thymeleaf configuration)
2020-12-30 09:06:10.998  INFO 1172 --- [main] o.s.b.w.embedded.tomcat.TomcatWebServer  : Tomcat started on port(s): 9095 (http) with context path ''
2020-12-30 09:06:11.019  INFO 1172 --- [main] c.d.department.DepartmentApplication     : Started DepartmentApplication in 20.009 seconds (JVM running for 21.779)
2020-12-30 09:14:18.268  INFO 1172 --- [http-nio-9095-exec-1] o.a.c.c.C.[Tomcat].[localhost].[/]       : Initializing Spring DispatcherServlet 'dispatcherServlet'
2020-12-30 09:14:18.272  INFO 1172 --- [http-nio-9095-exec-1] o.s.web.servlet.DispatcherServlet        : Initializing Servlet 'dispatcherServlet'
2020-12-30 09:14:18.275  INFO 1172 --- [http-nio-9095-exec-1] o.s.web.servlet.DispatcherServlet        : Completed initialization in 3 ms
2020-12-30 09:14:18.374  INFO 1172 --- [http-nio-9095-exec-1] c.d.d.controller.DepartmentController    : Fetching all Departments
2020-12-30 10:00:06.322  INFO 1172 --- [http-nio-9095-exec-9] c.d.d.controller.DepartmentController    : Fetching all Departments
