2020-12-29 21:23:32.958  INFO 20096 --- [main] c.d.department.DepartmentApplication     : Starting DepartmentApplication using Java 14.0.2 on LAPTOP-DPT4DKC2 with PID 20096 (C:\Users\vasuvaddi123\eclipse-workspace\department\target\classes started by vasuvaddi123 in C:\Users\vasuvaddi123\eclipse-workspace\department)
2020-12-29 21:23:32.964  INFO 20096 --- [main] c.d.department.DepartmentApplication     : No active profile set, falling back to default profiles: default
2020-12-29 21:23:34.911  INFO 20096 --- [main] .s.d.r.c.RepositoryConfigurationDelegate : Bootstrapping Spring Data JPA repositories in DEFAULT mode.
2020-12-29 21:23:35.023  INFO 20096 --- [main] .s.d.r.c.RepositoryConfigurationDelegate : Finished Spring Data repository scanning in 97 ms. Found 1 JPA repository interfaces.
2020-12-29 21:23:36.414  INFO 20096 --- [main] o.s.b.w.embedded.tomcat.TomcatWebServer  : Tomcat initialized with port(s): 9095 (http)
2020-12-29 21:23:36.439  INFO 20096 --- [main] o.apache.catalina.core.StandardService   : Starting service [Tomcat]
2020-12-29 21:23:36.440  INFO 20096 --- [main] org.apache.catalina.core.StandardEngine  : Starting Servlet engine: [Apache Tomcat/9.0.41]
2020-12-29 21:23:36.444  INFO 20096 --- [main] o.a.catalina.core.AprLifecycleListener   : Loaded Apache Tomcat Native library [1.2.25] using APR version [1.7.0].
2020-12-29 21:23:36.444  INFO 20096 --- [main] o.a.catalina.core.AprLifecycleListener   : APR capabilities: IPv6 [true], sendfile [true], accept filters [false], random [true].
2020-12-29 21:23:36.445  INFO 20096 --- [main] o.a.catalina.core.AprLifecycleListener   : APR/OpenSSL configuration: useAprConnector [false], useOpenSSL [true]
2020-12-29 21:23:36.454  INFO 20096 --- [main] o.a.catalina.core.AprLifecycleListener   : OpenSSL successfully initialized [OpenSSL 1.1.1g  21 Apr 2020]
2020-12-29 21:23:36.687  INFO 20096 --- [main] o.a.c.c.C.[Tomcat].[localhost].[/]       : Initializing Spring embedded WebApplicationContext
2020-12-29 21:23:36.687  INFO 20096 --- [main] w.s.c.ServletWebServerApplicationContext : Root WebApplicationContext: initialization completed in 3487 ms
2020-12-29 21:23:37.074  INFO 20096 --- [main] o.hibernate.jpa.internal.util.LogHelper  : HHH000204: Processing PersistenceUnitInfo [name: default]
2020-12-29 21:23:37.218  INFO 20096 --- [main] org.hibernate.Version                    : HHH000412: Hibernate ORM core version 5.4.25.Final
2020-12-29 21:23:37.643  INFO 20096 --- [main] o.hibernate.annotations.common.Version   : HCANN000001: Hibernate Commons Annotations {5.1.2.Final}
2020-12-29 21:23:37.894  INFO 20096 --- [main] com.zaxxer.hikari.HikariDataSource       : HikariPool-1 - Starting...
2020-12-29 21:23:38.545  INFO 20096 --- [main] com.zaxxer.hikari.HikariDataSource       : HikariPool-1 - Start completed.
2020-12-29 21:23:38.575  INFO 20096 --- [main] org.hibernate.dialect.Dialect            : HHH000400: Using dialect: org.hibernate.dialect.MySQL5InnoDBDialect
2020-12-29 21:23:40.389  INFO 20096 --- [main] o.h.e.t.j.p.i.JtaPlatformInitiator       : HHH000490: Using JtaPlatform implementation: [org.hibernate.engine.transaction.jta.platform.internal.NoJtaPlatform]
2020-12-29 21:23:40.409  INFO 20096 --- [main] j.LocalContainerEntityManagerFactoryBean : Initialized JPA EntityManagerFactory for persistence unit 'default'
2020-12-29 21:23:41.272  WARN 20096 --- [main] JpaBaseConfiguration$JpaWebConfiguration : spring.jpa.open-in-view is enabled by default. Therefore, database queries may be performed during view rendering. Explicitly configure spring.jpa.open-in-view to disable this warning
2020-12-29 21:23:41.492  INFO 20096 --- [main] o.s.s.concurrent.ThreadPoolTaskExecutor  : Initializing ExecutorService 'applicationTaskExecutor'
2020-12-29 21:23:41.813  WARN 20096 --- [main] ion$DefaultTemplateResolverConfiguration : Cannot find template location: classpath:/templates/ (please add some templates or check your Thymeleaf configuration)
2020-12-29 21:23:42.023  INFO 20096 --- [main] o.s.b.w.embedded.tomcat.TomcatWebServer  : Tomcat started on port(s): 9095 (http) with context path ''
2020-12-29 21:23:42.035  INFO 20096 --- [main] c.d.department.DepartmentApplication     : Started DepartmentApplication in 10.136 seconds (JVM running for 11.265)
2020-12-29 21:26:51.511  INFO 20096 --- [http-nio-9095-exec-1] o.a.c.c.C.[Tomcat].[localhost].[/]       : Initializing Spring DispatcherServlet 'dispatcherServlet'
2020-12-29 21:26:51.512  INFO 20096 --- [http-nio-9095-exec-1] o.s.web.servlet.DispatcherServlet        : Initializing Servlet 'dispatcherServlet'
2020-12-29 21:26:51.514  INFO 20096 --- [http-nio-9095-exec-1] o.s.web.servlet.DispatcherServlet        : Completed initialization in 2 ms
2020-12-29 21:32:39.233  INFO 25444 --- [main] c.d.department.DepartmentApplication     : Starting DepartmentApplication using Java 14.0.2 on LAPTOP-DPT4DKC2 with PID 25444 (C:\Users\vasuvaddi123\eclipse-workspace\department\target\classes started by vasuvaddi123 in C:\Users\vasuvaddi123\eclipse-workspace\department)
2020-12-29 21:32:39.240  INFO 25444 --- [main] c.d.department.DepartmentApplication     : No active profile set, falling back to default profiles: default
2020-12-29 21:32:41.199  INFO 25444 --- [main] .s.d.r.c.RepositoryConfigurationDelegate : Bootstrapping Spring Data JPA repositories in DEFAULT mode.
2020-12-29 21:32:41.328  INFO 25444 --- [main] .s.d.r.c.RepositoryConfigurationDelegate : Finished Spring Data repository scanning in 113 ms. Found 1 JPA repository interfaces.
2020-12-29 21:32:42.654  INFO 25444 --- [main] o.s.b.w.embedded.tomcat.TomcatWebServer  : Tomcat initialized with port(s): 9095 (http)
2020-12-29 21:32:42.675  INFO 25444 --- [main] o.apache.catalina.core.StandardService   : Starting service [Tomcat]
2020-12-29 21:32:42.676  INFO 25444 --- [main] org.apache.catalina.core.StandardEngine  : Starting Servlet engine: [Apache Tomcat/9.0.41]
2020-12-29 21:32:42.678  INFO 25444 --- [main] o.a.catalina.core.AprLifecycleListener   : Loaded Apache Tomcat Native library [1.2.25] using APR version [1.7.0].
2020-12-29 21:32:42.679  INFO 25444 --- [main] o.a.catalina.core.AprLifecycleListener   : APR capabilities: IPv6 [true], sendfile [true], accept filters [false], random [true].
2020-12-29 21:32:42.679  INFO 25444 --- [main] o.a.catalina.core.AprLifecycleListener   : APR/OpenSSL configuration: useAprConnector [false], useOpenSSL [true]
2020-12-29 21:32:42.687  INFO 25444 --- [main] o.a.catalina.core.AprLifecycleListener   : OpenSSL successfully initialized [OpenSSL 1.1.1g  21 Apr 2020]
2020-12-29 21:32:42.968  INFO 25444 --- [main] o.a.c.c.C.[Tomcat].[localhost].[/]       : Initializing Spring embedded WebApplicationContext
2020-12-29 21:32:42.969  INFO 25444 --- [main] w.s.c.ServletWebServerApplicationContext : Root WebApplicationContext: initialization completed in 3558 ms
2020-12-29 21:32:43.346  INFO 25444 --- [main] o.hibernate.jpa.internal.util.LogHelper  : HHH000204: Processing PersistenceUnitInfo [name: default]
2020-12-29 21:32:43.441  INFO 25444 --- [main] org.hibernate.Version                    : HHH000412: Hibernate ORM core version 5.4.25.Final
2020-12-29 21:32:43.793  INFO 25444 --- [main] o.hibernate.annotations.common.Version   : HCANN000001: Hibernate Commons Annotations {5.1.2.Final}
2020-12-29 21:32:44.023  INFO 25444 --- [main] com.zaxxer.hikari.HikariDataSource       : HikariPool-1 - Starting...
2020-12-29 21:32:44.733  INFO 25444 --- [main] com.zaxxer.hikari.HikariDataSource       : HikariPool-1 - Start completed.
2020-12-29 21:32:44.759  INFO 25444 --- [main] org.hibernate.dialect.Dialect            : HHH000400: Using dialect: org.hibernate.dialect.MySQL5InnoDBDialect
2020-12-29 21:32:46.606  INFO 25444 --- [main] o.h.e.t.j.p.i.JtaPlatformInitiator       : HHH000490: Using JtaPlatform implementation: [org.hibernate.engine.transaction.jta.platform.internal.NoJtaPlatform]
2020-12-29 21:32:46.628  INFO 25444 --- [main] j.LocalContainerEntityManagerFactoryBean : Initialized JPA EntityManagerFactory for persistence unit 'default'
2020-12-29 21:32:47.602  WARN 25444 --- [main] JpaBaseConfiguration$JpaWebConfiguration : spring.jpa.open-in-view is enabled by default. Therefore, database queries may be performed during view rendering. Explicitly configure spring.jpa.open-in-view to disable this warning
2020-12-29 21:32:47.806  INFO 25444 --- [main] o.s.s.concurrent.ThreadPoolTaskExecutor  : Initializing ExecutorService 'applicationTaskExecutor'
2020-12-29 21:32:48.118  WARN 25444 --- [main] ion$DefaultTemplateResolverConfiguration : Cannot find template location: classpath:/templates/ (please add some templates or check your Thymeleaf configuration)
2020-12-29 21:32:48.338  INFO 25444 --- [main] o.s.b.w.embedded.tomcat.TomcatWebServer  : Tomcat started on port(s): 9095 (http) with context path ''
2020-12-29 21:32:48.352  INFO 25444 --- [main] c.d.department.DepartmentApplication     : Started DepartmentApplication in 10.201 seconds (JVM running for 11.337)
2020-12-29 21:33:23.094  INFO 25444 --- [http-nio-9095-exec-1] o.a.c.c.C.[Tomcat].[localhost].[/]       : Initializing Spring DispatcherServlet 'dispatcherServlet'
2020-12-29 21:33:23.095  INFO 25444 --- [http-nio-9095-exec-1] o.s.web.servlet.DispatcherServlet        : Initializing Servlet 'dispatcherServlet'
2020-12-29 21:33:23.097  INFO 25444 --- [http-nio-9095-exec-1] o.s.web.servlet.DispatcherServlet        : Completed initialization in 2 ms
